2022-06-17 16:54:22,217 - INFO - 1, 121012.08036698056
0.0993, 0.8329, 0.2191, 0.5878, 0.3091, 0.8379, 1.9316000000000009, 0.1366, 0.3987, 0.5881, 0.9668, 0.8063
2022-06-17 16:54:25,851 - INFO - 1, 120990.9034848952
0.0993, 0.8329, 0.2191, 0.5878, 0.3091, 0.8379, 2.931599999999981, 0.1366, 0.3987, 0.5881, 0.9668, 0.8063
2022-06-17 16:54:29,346 - INFO - 1, 120972.97465955943
0.0993, 0.8329, 0.2191, 0.5878, 0.3091, 0.8379, 3.9315999999999596, 0.1366, 0.3987, 0.5881, 0.9668, 0.8063
2022-06-17 16:54:32,622 - INFO - 1, 120960.57803262677
0.0993, 0.8329, 0.2191, 0.5878, 0.3091, 0.8379, 4.931599999999938, 0.1366, 0.3987, 0.5881, 0.9668, 0.8063
2022-06-17 16:54:35,943 - INFO - 1, 120951.45346749401
0.0993, 0.8329, 0.2191, 0.5878, 0.3091, 0.8379, 5.931599999999917, 0.1366, 0.3987, 0.5881, 0.9668, 0.8063
2022-06-17 16:54:39,461 - INFO - 1, 120944.34768084917
0.0993, 0.8329, 0.2191, 0.5878, 0.3091, 0.8379, 6.931599999999896, 0.1366, 0.3987, 0.5881, 0.9668, 0.8063
2022-06-17 16:54:42,925 - INFO - 1, 120939.11279413583
0.0993, 0.8329, 0.2191, 0.5878, 0.3091, 0.8379, 7.931599999999874, 0.1366, 0.3987, 0.5881, 0.9668, 0.8063
2022-06-17 16:54:46,178 - INFO - 1, 120936.45510696876
0.0993, 0.8329, 0.2191, 0.5878, 0.3091, 0.8379, 8.931599999999854, 0.1366, 0.3987, 0.5881, 0.9668, 0.8063
2022-06-17 16:54:50,433 - INFO - 1, 120935.63448507251
0.0993, 0.8329, 0.2191, 0.5878, 0.3091, 0.8379, 9.386113299999836, 0.1366, 0.3987, 0.5881, 1.3568000000000002, 0.8063
2022-06-17 16:54:54,646 - INFO - 1, 120933.69962147353
0.0993, 0.8329, 0.2191, 0.5878, 0.3091, 1.0879, 9.386113299999836, 0.1366, 0.3987, 0.5881, 1.9540529000000004, 0.8063
2022-06-17 16:54:58,074 - INFO - 1, 120929.50100061495
0.0993, 0.8329, 0.2191, 0.5878, 0.3091, 2.087899999999999, 9.386113299999836, 0.1366, 0.3987, 0.5881, 1.9540529000000004, 0.8063
2022-06-17 16:55:01,517 - INFO - 1, 120927.49501649126
0.0993, 0.8329, 0.2191, 0.5878, 0.3091, 3.0878999999999777, 9.386113299999836, 0.1366, 0.3987, 0.5881, 1.9540529000000004, 0.8063
2022-06-17 16:55:07,208 - INFO - 1, 120925.45428133445
0.0993, 0.8329, 0.2191, 0.5878, -0.15090000000000015, 3.4314153999999677, 9.386113299999836, 0.1366, 0.3987, 0.5881, 1.9540529000000004, 0.8063
2022-06-17 16:55:12,407 - INFO - 1, 120922.10571142247
0.0993, 0.8329, 0.2191, 0.5878, -1.150900000000001, 3.4314153999999677, 9.386113299999836, 0.1366, 0.3987, 0.5881, 1.9540529000000004, 0.8063
2022-06-17 16:55:18,120 - INFO - 1, 120920.56082166129
0.0993, 0.8329, 0.2191, 0.5878, -2.1508999999999983, 3.4314153999999677, 9.386113299999836, 0.1366, 0.3987, 0.5881, 1.9540529000000004, 0.8063
2022-06-17 16:55:26,068 - INFO - 1, 120862.24287934438
0.0993, 0.8329, 0.2191, 0.7378301999999999, -2.6230865999999886, 3.4314153999999677, 9.386113299999836, 0.1366, 0.6087000000000001, 0.5881, 1.9540529000000004, 0.8063
2022-06-17 16:55:35,011 - INFO - 1, 120811.9906349736
0.0884897, 0.8329, 0.46748310000000015, 0.7378301999999999, -2.6230865999999886, 3.4314153999999677, 9.386113299999836, 0.1366, 0.9556729000000007, 0.5881, 1.9540529000000004, 0.8063
2022-06-17 16:55:42,193 - INFO - 1, 119071.06104458288
0.0884897, 0.8329, 0.4674839000000002, 0.7378301999999999, -2.6230865999999886, 3.4314153999999677, 9.386113299999836, 0.1366, 0.9556729000000007, 0.0075784999999995665, 1.9540529000000004, 0.6062999999999998
2022-06-17 16:55:49,574 - INFO - 1, 118289.37699189497
0.0884897, 0.5228999999999997, 0.4674839000000002, 0.7378301999999999, -2.6230865999999886, 3.4314153999999677, 9.386113299999836, 0.1366, 0.9556729000000007, 0.0075784999999995665, 1.9540529000000004, 0.00961019999999943
2022-06-17 16:55:57,391 - INFO - 1, 118247.27714274908
0.0884897, -0.03258390000000069, 0.4674839000000002, 0.7378301999999999, -2.6230865999999886, 3.4314153999999677, 9.546113299999833, 0.1366, 0.9556729000000007, 0.0075784999999995665, 1.9540529000000004, 0.00961019999999943
2022-06-17 16:56:03,501 - INFO - 1, 118102.97705920028
0.0884897, -0.03258390000000069, 0.4674839000000002, 0.7378301999999999, -2.6230865999999886, 3.4314153999999677, 10.546113299999812, 0.1366, 0.9556729000000007, 0.0075784999999995665, 1.9540529000000004, 0.00961019999999943
2022-06-17 16:56:10,121 - INFO - 1, 117960.25996784546
0.0884897, -0.03258390000000069, 0.4674839000000002, 0.7378301999999999, -2.6230865999999886, 3.4314153999999677, 11.54611329999979, 0.1366, 0.9556729000000007, 0.0075784999999995665, 1.9540529000000004, 0.00961019999999943
2022-06-17 16:56:16,602 - INFO - 1, 117821.5797067118
0.0884897, -0.03258390000000069, 0.4674839000000002, 0.7378301999999999, -2.6230865999999886, 3.4314153999999677, 12.546113299999769, 0.1366, 0.9556729000000007, 0.0075784999999995665, 1.9540529000000004, 0.00961019999999943
2022-06-17 16:56:22,725 - INFO - 1, 117685.91714124919
0.0884897, -0.03258390000000069, 0.4674839000000002, 0.7378301999999999, -2.6230865999999886, 3.4314153999999677, 13.546113299999748, 0.1366, 0.9556729000000007, 0.0075784999999995665, 1.9540529000000004, 0.00961019999999943
2022-06-17 16:56:29,391 - INFO - 1, 117554.26713159245
0.0884897, -0.03258390000000069, 0.4674839000000002, 0.7378301999999999, -2.6230865999999886, 3.4314153999999677, 14.546113299999726, 0.1366, 0.9556729000000007, 0.0075784999999995665, 1.9540529000000004, 0.00961019999999943
2022-06-17 16:56:36,408 - INFO - 1, 117425.46507307919
0.0884897, -0.03258390000000069, 0.4674839000000002, 0.7378301999999999, -2.6230865999999886, 3.4314153999999677, 15.546113299999705, 0.1366, 0.9556729000000007, 0.0075784999999995665, 1.9540529000000004, 0.00961019999999943
2022-06-17 16:56:42,121 - INFO - 1, 117298.92453711908
0.0884897, -0.03258390000000069, 0.4674839000000002, 0.7378301999999999, -2.6230865999999886, 3.4314153999999677, 16.54611329999978, 0.1366, 0.9556729000000007, 0.0075784999999995665, 1.9540529000000004, 0.00961019999999943
2022-06-17 16:56:48,489 - INFO - 1, 117175.75218832942
0.0884897, -0.03258390000000069, 0.4674839000000002, 0.7378301999999999, -2.6230865999999886, 3.4314153999999677, 17.546113299999938, 0.1366, 0.9556729000000007, 0.0075784999999995665, 1.9540529000000004, 0.00961019999999943
2022-06-17 16:56:54,445 - INFO - 1, 117055.11337390215
0.0884897, -0.03258390000000069, 0.4674839000000002, 0.7378301999999999, -2.6230865999999886, 3.4314153999999677, 18.546113300000094, 0.1366, 0.9556729000000007, 0.0075784999999995665, 1.9540529000000004, 0.00961019999999943
2022-06-17 16:57:01,321 - INFO - 1, 116936.36713880076
0.0884897, -0.03258390000000069, 0.4674839000000002, 0.7378301999999999, -2.6230865999999886, 3.4314153999999677, 19.54611330000025, 0.1366, 0.9556729000000007, 0.0075784999999995665, 1.9540529000000004, 0.00961019999999943
2022-06-17 16:57:07,738 - INFO - 1, 116820.07450949113
0.0884897, -0.03258390000000069, 0.4674839000000002, 0.7378301999999999, -2.6230865999999886, 3.4314153999999677, 20.546113300000407, 0.1366, 0.9556729000000007, 0.0075784999999995665, 1.9540529000000004, 0.00961019999999943
2022-06-17 16:57:14,199 - INFO - 1, 116707.62148240185
0.0884897, -0.03258390000000069, 0.4674839000000002, 0.7378301999999999, -2.6230865999999886, 3.4314153999999677, 21.546113300000563, 0.1366, 0.9556729000000007, 0.0075784999999995665, 1.9540529000000004, 0.00961019999999943
2022-06-17 16:57:20,504 - INFO - 1, 116598.54246811738
0.0884897, -0.03258390000000069, 0.4674839000000002, 0.7378301999999999, -2.6230865999999886, 3.4314153999999677, 22.54611330000072, 0.1366, 0.9556729000000007, 0.0075784999999995665, 1.9540529000000004, 0.00961019999999943
2022-06-17 16:57:26,876 - INFO - 1, 116492.98691140841
0.0884897, -0.03258390000000069, 0.4674839000000002, 0.7378301999999999, -2.6230865999999886, 3.4314153999999677, 23.546113300000876, 0.1366, 0.9556729000000007, 0.0075784999999995665, 1.9540529000000004, 0.00961019999999943
2022-06-17 16:57:33,251 - INFO - 1, 116391.17180172955
0.0884897, -0.03258390000000069, 0.4674839000000002, 0.7378301999999999, -2.6230865999999886, 3.4314153999999677, 24.546113300001032, 0.1366, 0.9556729000000007, 0.0075784999999995665, 1.9540529000000004, 0.00961019999999943
2022-06-17 16:57:39,680 - INFO - 1, 116291.6820596589
0.0884897, -0.03258390000000069, 0.4674839000000002, 0.7378301999999999, -2.6230865999999886, 3.4314153999999677, 25.54611330000119, 0.1366, 0.9556729000000007, 0.0075784999999995665, 1.9540529000000004, 0.00961019999999943
2022-06-17 16:57:46,085 - INFO - 1, 116196.60587845983
0.0884897, -0.03258390000000069, 0.4674839000000002, 0.7378301999999999, -2.6230865999999886, 3.4314153999999677, 26.546113300001345, 0.1366, 0.9556729000000007, 0.0075784999999995665, 1.9540529000000004, 0.00961019999999943
2022-06-17 16:57:52,606 - INFO - 1, 116104.6232017204
0.0884897, -0.03258390000000069, 0.4674839000000002, 0.7378301999999999, -2.6230865999999886, 3.4314153999999677, 27.5461133000015, 0.1366, 0.9556729000000007, 0.0075784999999995665, 1.9540529000000004, 0.00961019999999943
2022-06-17 16:57:58,946 - INFO - 1, 116015.33937867885
0.0884897, -0.03258390000000069, 0.4674839000000002, 0.7378301999999999, -2.6230865999999886, 3.4314153999999677, 28.546113300001657, 0.1366, 0.9556729000000007, 0.0075784999999995665, 1.9540529000000004, 0.00961019999999943
2022-06-17 16:58:04,938 - INFO - 1, 115927.80478539958
0.0884897, -0.03258390000000069, 0.4674839000000002, 0.7378301999999999, -2.6230865999999886, 3.4314153999999677, 29.546113300001814, 0.1366, 0.9556729000000007, 0.0075784999999995665, 1.9540529000000004, 0.00961019999999943
2022-06-17 16:58:11,243 - INFO - 1, 115843.64524686548
0.0884897, -0.03258390000000069, 0.4674839000000002, 0.7378301999999999, -2.6230865999999886, 3.4314153999999677, 30.54611330000197, 0.1366, 0.9556729000000007, 0.0075784999999995665, 1.9540529000000004, 0.00961019999999943
2022-06-17 16:58:17,463 - INFO - 1, 115762.33989802636
0.0884897, -0.03258390000000069, 0.4674839000000002, 0.7378301999999999, -2.6230865999999886, 3.4314153999999677, 31.546113300002126, 0.1366, 0.9556729000000007, 0.0075784999999995665, 1.9540529000000004, 0.00961019999999943
2022-06-17 16:58:23,571 - INFO - 1, 115684.23939937144
0.0884897, -0.03258390000000069, 0.4674839000000002, 0.7378301999999999, -2.6230865999999886, 3.4314153999999677, 32.54611330000209, 0.1366, 0.9556729000000007, 0.0075784999999995665, 1.9540529000000004, 0.00961019999999943
2022-06-17 16:58:29,587 - INFO - 1, 115609.73434814143
0.0884897, -0.03258390000000069, 0.4674839000000002, 0.7378301999999999, -2.6230865999999886, 3.4314153999999677, 33.54611330000189, 0.1366, 0.9556729000000007, 0.0075784999999995665, 1.9540529000000004, 0.00961019999999943
2022-06-17 16:58:35,585 - INFO - 1, 115538.0248677557
0.0884897, -0.03258390000000069, 0.4674839000000002, 0.7378301999999999, -2.6230865999999886, 3.4314153999999677, 34.54611330000169, 0.1366, 0.9556729000000007, 0.0075784999999995665, 1.9540529000000004, 0.00961019999999943
2022-06-17 16:58:40,779 - INFO - 1, 115468.77763480938
0.0884897, -0.03258390000000069, 0.4674839000000002, 0.7378301999999999, -2.6230865999999886, 3.4314153999999677, 35.546113300001494, 0.1366, 0.9556729000000007, 0.0075784999999995665, 1.9540529000000004, 0.00961019999999943
2022-06-17 16:58:46,313 - INFO - 1, 115401.70914498433
0.0884897, -0.03258390000000069, 0.4674839000000002, 0.7378301999999999, -2.6230865999999886, 3.4314153999999677, 36.546113300001295, 0.1366, 0.9556729000000007, 0.0075784999999995665, 1.9540529000000004, 0.00961019999999943
2022-06-17 16:58:52,057 - INFO - 1, 115337.1727205934
0.0884897, -0.03258390000000069, 0.4674839000000002, 0.7378301999999999, -2.6230865999999886, 3.4314153999999677, 37.546113300001096, 0.1366, 0.9556729000000007, 0.0075784999999995665, 1.9540529000000004, 0.00961019999999943
2022-06-17 16:58:57,552 - INFO - 1, 115275.67797972582
0.0884897, -0.03258390000000069, 0.4674839000000002, 0.7378301999999999, -2.6230865999999886, 3.4314153999999677, 38.5461133000009, 0.1366, 0.9556729000000007, 0.0075784999999995665, 1.9540529000000004, 0.00961019999999943
2022-06-17 16:59:02,667 - INFO - 1, 115217.44759384677
0.0884897, -0.03258390000000069, 0.4674839000000002, 0.7378301999999999, -2.6230865999999886, 3.4314153999999677, 39.5461133000007, 0.1366, 0.9556729000000007, 0.0075784999999995665, 1.9540529000000004, 0.00961019999999943
2022-06-17 16:59:09,167 - INFO - 1, 115162.46449629046
0.0884897, -0.03258390000000069, 0.4674839000000002, 0.7378301999999999, -2.6230865999999886, 3.4314153999999677, 40.5461133000005, 0.1366, 0.9556729000000007, 0.0075784999999995665, 1.9540529000000004, 0.00961019999999943
2022-06-17 16:59:15,529 - INFO - 1, 115112.39534215376
0.0884897, -0.03258390000000069, 0.4674839000000002, 0.7378301999999999, -2.6230865999999886, 3.4314153999999677, 41.5461133000003, 0.1366, 0.9556729000000007, 0.0075784999999995665, 1.9540529000000004, 0.00961019999999943
2022-06-17 16:59:21,999 - INFO - 1, 115065.50004537353
0.0884897, -0.03258390000000069, 0.4674839000000002, 0.7378301999999999, -2.6230865999999886, 3.4314153999999677, 42.5461133000001, 0.1366, 0.9556729000000007, 0.0075784999999995665, 1.9540529000000004, 0.00961019999999943
2022-06-17 16:59:28,271 - INFO - 1, 115021.1703867252
0.0884897, -0.03258390000000069, 0.4674839000000002, 0.7378301999999999, -2.6230865999999886, 3.4314153999999677, 43.5461132999999, 0.1366, 0.9556729000000007, 0.0075784999999995665, 1.9540529000000004, 0.00961019999999943
2022-06-17 16:59:34,722 - INFO - 1, 114981.04857825191
0.0884897, -0.03258390000000069, 0.4674839000000002, 0.7378301999999999, -2.6230865999999886, 3.4314153999999677, 44.5461132999997, 0.1366, 0.9556729000000007, 0.0075784999999995665, 1.9540529000000004, 0.00961019999999943
2022-06-17 16:59:41,083 - INFO - 1, 114944.10973517266
0.0884897, -0.03258390000000069, 0.4674839000000002, 0.7378301999999999, -2.6230865999999886, 3.4314153999999677, 45.546113299999504, 0.1366, 0.9556729000000007, 0.0075784999999995665, 1.9540529000000004, 0.00961019999999943
2022-06-17 16:59:47,460 - INFO - 1, 114909.34876847509
0.0884897, -0.03258390000000069, 0.4674839000000002, 0.7378301999999999, -2.6230865999999886, 3.4314153999999677, 46.546113299999305, 0.1366, 0.9556729000000007, 0.0075784999999995665, 1.9540529000000004, 0.00961019999999943
2022-06-17 16:59:53,702 - INFO - 1, 114877.59136100966
0.0884897, -0.03258390000000069, 0.4674839000000002, 0.7378301999999999, -2.6230865999999886, 3.4314153999999677, 47.54611329999911, 0.1366, 0.9556729000000007, 0.0075784999999995665, 1.9540529000000004, 0.00961019999999943
2022-06-17 17:00:00,038 - INFO - 1, 114848.95095022485
0.0884897, -0.03258390000000069, 0.4674839000000002, 0.7378301999999999, -2.6230865999999886, 3.4314153999999677, 48.54611329999891, 0.1366, 0.9556729000000007, 0.0075784999999995665, 1.9540529000000004, 0.00961019999999943
2022-06-17 17:00:06,003 - INFO - 1, 114823.53076893066
0.0884897, -0.03258390000000069, 0.4674839000000002, 0.7378301999999999, -2.6230865999999886, 3.4314153999999677, 49.54611329999871, 0.1366, 0.9556729000000007, 0.0075784999999995665, 1.9540529000000004, 0.00961019999999943
2022-06-17 17:00:12,353 - INFO - 1, 114802.24687245903
0.0884897, -0.03258390000000069, 0.4674839000000002, 0.7378301999999999, -2.6230865999999886, 3.4314153999999677, 50.54611329999851, 0.1366, 0.9556729000000007, 0.0075784999999995665, 1.9540529000000004, 0.00961019999999943
2022-06-17 17:00:19,040 - INFO - 1, 114784.00867143917
0.0884897, -0.03258390000000069, 0.4674839000000002, 0.7378301999999999, -2.6230865999999886, 3.4314153999999677, 51.54611329999831, 0.1366, 0.9556729000000007, 0.0075784999999995665, 1.9540529000000004, 0.00961019999999943
2022-06-17 17:00:25,768 - INFO - 1, 114769.14397999959
0.0884897, -0.03258390000000069, 0.4674839000000002, 0.7378301999999999, -2.6230865999999886, 3.4314153999999677, 52.54611329999811, 0.1366, 0.9556729000000007, 0.0075784999999995665, 1.9540529000000004, 0.00961019999999943
2022-06-17 17:00:31,978 - INFO - 1, 114757.59502854705
0.0884897, -0.03258390000000069, 0.4674839000000002, 0.7378301999999999, -2.6230865999999886, 3.4314153999999677, 53.54611329999791, 0.1366, 0.9556729000000007, 0.0075784999999995665, 1.9540529000000004, 0.00961019999999943
2022-06-17 17:00:37,990 - INFO - 1, 114748.88624144431
0.0884897, -0.03258390000000069, 0.4674839000000002, 0.7378301999999999, -2.6230865999999886, 3.4314153999999677, 54.546113299997714, 0.1366, 0.9556729000000007, 0.0075784999999995665, 1.9540529000000004, 0.00961019999999943
2022-06-17 17:00:44,213 - INFO - 1, 114744.4692473751
0.0884897, -0.03258390000000069, 0.4674839000000002, 0.7378301999999999, -2.6230865999999886, 3.4314153999999677, 55.546113299997515, 0.1366, 0.9556729000000007, 0.0075784999999995665, 1.9540529000000004, 0.00961019999999943
2022-06-17 17:00:51,063 - INFO - 1, 112840.15847143714
0.0884897, -0.03258390000000069, 0.4674839000000002, 0.35783019999999954, -2.6230865999999886, 3.4314153999999677, 55.93454499999742, 0.1366, 0.9556729000000007, 0.0075784999999995665, 1.9540529000000004, 0.00961019999999943
2022-06-17 17:00:58,119 - INFO - 1, 112468.57372487601
0.0884897, -0.03258390000000069, 0.4674839000000002, 0.09581859999999934, -3.263086599999975, 3.4314153999999677, 55.93454499999742, 0.1366, 0.9556729000000007, 0.0075784999999995665, 1.9540529000000004, 0.00961019999999943
2022-06-17 17:01:04,448 - INFO - 1, 112468.54178766141
0.0884897, -0.03258390000000069, 0.4674839000000002, 0.09581859999999934, -4.263086599999954, 3.4314153999999677, 55.93454499999742, 0.1366, 0.9556729000000007, 0.0075784999999995665, 1.9540529000000004, 0.00961019999999943
2022-06-17 17:01:11,434 - INFO - 1, 112464.98456600407
0.0884897, -0.03258390000000069, 0.4674839000000002, 0.09581859999999934, -4.458650799999949, 3.4314153999999677, 55.93454499999742, 0.1366, 0.9556729000000007, 0.0075784999999995665, 1.3640529, 0.00961019999999943
2022-06-17 17:01:17,748 - INFO - 1, 112451.72122658763
0.0884897, -0.03258390000000069, 0.4674839000000002, 0.09581859999999934, -4.458650799999949, 3.4314153999999677, 55.93454499999742, 0.1366, 0.9556729000000007, 0.0075784999999995665, 0.364052899999999, 0.00961019999999943
2022-06-17 17:01:24,292 - INFO - 1, 112225.6645299334
0.0884897, -0.03258390000000069, 0.4674839000000002, 0.09581859999999934, -4.458650799999949, 3.4314153999999677, 55.93454499999742, 0.1366, 0.41567290000000023, 0.0075784999999995665, 0.014287899999998835, 0.00961019999999943
2022-06-17 17:01:31,121 - INFO - 1, 104021.65803576792
0.0884897, -0.03258390000000069, 0.9174839000000006, 0.09581859999999934, -4.458650799999949, 3.4314153999999677, 55.93454499999742, 0.1366, 0.007925799999999997, 0.0075784999999995665, 0.014287899999998835, 0.00961019999999943
2022-06-17 17:01:36,730 - INFO - 1, 89198.20573603157
0.0884897, -0.03258390000000069, 1.9174839000000015, 0.09581859999999934, -4.458650799999949, 3.4314153999999677, 55.93454499999742, 0.1366, 0.007925799999999997, 0.0075784999999995665, 0.014287899999998835, 0.00961019999999943
2022-06-17 17:01:42,632 - INFO - 1, 79222.01240588307
0.0884897, -0.03258390000000069, 2.917483899999982, 0.09581859999999934, -4.458650799999949, 3.4314153999999677, 55.93454499999742, 0.1366, 0.007925799999999997, 0.0075784999999995665, 0.014287899999998835, 0.00961019999999943
2022-06-17 17:01:49,830 - INFO - 1, 66187.39479591316
0.0884897, -0.03258390000000069, 3.765292699999964, 0.09581859999999934, -4.458650799999949, 3.4314153999999677, 55.93454499999742, 0.1366, 0.007925799999999997, 0.004978499999999567, 0.014287899999998835, 0.00961019999999943
2022-06-17 17:01:57,923 - INFO - 1, 38957.90365590578
0.1257339, -0.6525839000000011, 3.765292699999964, 0.09581859999999934, -4.458650799999949, 3.4314153999999677, 55.93454499999742, 0.1366, 0.007925799999999997, 0.004951499999999568, 0.014287899999998835, 0.012525899999999437
2022-06-17 17:02:05,019 - INFO - 1, 29590.606893713724
0.1257339, -1.2837187000000019, 3.765292699999964, 0.09581859999999934, -4.458650799999949, 3.6314153999999634, 55.93454499999742, 0.1366, 0.007925799999999997, 0.004951499999999568, 0.014287899999998835, 0.012525899999999437
2022-06-17 17:02:11,311 - INFO - 1, 29479.309379624476
0.1257339, -1.2837187000000019, 3.765292699999964, 0.09581859999999934, -4.458650799999949, 4.631415399999942, 55.93454499999742, 0.1366, 0.007925799999999997, 0.004951499999999568, 0.014287899999998835, 0.012525899999999437
2022-06-17 17:02:18,957 - INFO - 1, 29375.604174034685
0.1257339, -1.2244187000000017, 3.765292699999964, 0.09581859999999934, -4.458650799999949, 5.376309099999923, 55.93454499999742, 0.1366, 0.007925799999999997, 0.004951499999999568, 0.014287899999998835, 0.012525899999999437
2022-06-17 17:02:27,860 - INFO - 1, 26867.478249107342
0.1257339, -1.2243949000000014, 3.765292699999964, 0.09581859999999934, -5.0186507999999375, 5.376309099999923, 55.93454499999742, 0.1366, 0.007925799999999997, 0.0042898999999995665, 0.017859599999998844, 0.012525899999999437
2022-06-17 17:02:35,872 - INFO - 1, 26856.02414164511
0.1257339, -1.2243949000000014, 3.765292699999964, 0.09581859999999934, -5.899730999999917, 5.386309099999923, 55.93454499999742, 0.1366, 0.007925799999999997, 0.0042898999999995665, 0.017859599999998844, 0.012525899999999437
2022-06-17 17:02:42,787 - INFO - 1, 26678.589231651185
0.1257339, -1.2243949000000014, 3.765292699999964, 0.09581859999999934, -5.899730999999917, 6.3863090999999015, 55.93454499999742, 0.1366, 0.007925799999999997, 0.0042898999999995665, 0.017859599999998844, 0.012525899999999437
2022-06-17 17:02:49,947 - INFO - 1, 26584.9593478329
0.1257339, -1.2243949000000014, 3.765292699999964, 0.09581859999999934, -5.899730999999917, 7.38630909999988, 55.93454499999742, 0.1366, 0.007925799999999997, 0.0042898999999995665, 0.017859599999998844, 0.012525899999999437
