2022-06-17 16:54:21,912 - INFO - 0, 120960.75156098156
1.2065000000000008, 0.2515, 0.3536, 0.0901, 0.9291, 0.9388, 0.1511, 0.4315, 0.8187, 0.2757, 0.2664, 0.0771
2022-06-17 16:54:25,616 - INFO - 0, 120871.81786094896
2.206499999999997, 0.2515, 0.3536, 0.0901, 0.9291, 0.9388, 0.1511, 0.4315, 0.8187, 0.2757, 0.2664, 0.0771
2022-06-17 16:54:28,998 - INFO - 0, 120796.71106587061
3.2064999999999757, 0.2515, 0.3536, 0.0901, 0.9291, 0.9388, 0.1511, 0.4315, 0.8187, 0.2757, 0.2664, 0.0771
2022-06-17 16:54:32,358 - INFO - 0, 120732.62824341141
4.206499999999955, 0.2515, 0.3536, 0.0901, 0.9291, 0.9388, 0.1511, 0.4315, 0.8187, 0.2757, 0.2664, 0.0771
2022-06-17 16:54:35,643 - INFO - 0, 120684.37468088474
5.2064999999999335, 0.2515, 0.3536, 0.0901, 0.9291, 0.9388, 0.1511, 0.4315, 0.8187, 0.2757, 0.2664, 0.0771
2022-06-17 16:54:39,095 - INFO - 0, 120656.18949078268
6.206499999999912, 0.2515, 0.3536, 0.0901, 0.9291, 0.9388, 0.1511, 0.4315, 0.8187, 0.2757, 0.2664, 0.0771
2022-06-17 16:54:42,434 - INFO - 0, 120639.90399191107
7.206499999999891, 0.2515, 0.3536, 0.0901, 0.9291, 0.9388, 0.1511, 0.4315, 0.8187, 0.2757, 0.2664, 0.0771
2022-06-17 16:54:46,061 - INFO - 0, 119506.28869442771
7.858963199999874, 0.2515, 0.3536, 0.0901, 0.9291, 0.9388, 0.1511, 0.4315, 0.8187, 0.2757, 0.2664, 0.0271
2022-06-17 16:54:51,196 - INFO - 0, 116505.13997837069
7.858963199999874, -0.011538300000000085, 0.3536, 0.0901, 0.9291, 0.9388, 0.2811000000000001, 0.4315, 0.8187, 0.014707299999999887, 0.2664, 0.0075367999999999945
2022-06-17 16:54:54,679 - INFO - 0, 114284.60377110768
7.858963199999874, -0.011538300000000085, 0.3536, 0.0901, 0.9291, 0.9388, 1.281100000000001, 0.4315, 0.8187, 0.014707299999999887, 0.2664, 0.0075367999999999945
2022-06-17 16:54:58,020 - INFO - 0, 112417.71362462861
7.858963199999874, -0.011538300000000085, 0.3536, 0.0901, 0.9291, 0.9388, 2.2810999999999955, 0.4315, 0.8187, 0.014707299999999887, 0.2664, 0.0075367999999999945
2022-06-17 16:55:01,307 - INFO - 0, 110909.4380262888
7.858963199999874, -0.011538300000000085, 0.3536, 0.0901, 0.9291, 0.9388, 3.281099999999974, 0.4315, 0.8187, 0.014707299999999887, 0.2664, 0.0075367999999999945
2022-06-17 16:55:06,121 - INFO - 0, 109797.37399986052
7.858963199999874, -0.011538300000000085, 0.3536, 0.0901, 0.9291, 0.9388, 4.281099999999953, 0.4315, 0.8187, 0.014707299999999887, 0.2664, 0.0075367999999999945
2022-06-17 16:55:11,149 - INFO - 0, 109114.86836518721
7.858963199999874, -0.011538300000000085, 0.3536, 0.0901, 0.9291, 0.9388, 5.281099999999932, 0.4315, 0.8187, 0.014707299999999887, 0.2664, 0.0075367999999999945
2022-06-17 16:55:16,468 - INFO - 0, 108861.8600549775
7.858963199999874, -0.011538300000000085, 0.3536, 0.0901, 0.9291, 0.9388, 6.281099999999911, 0.4315, 0.8187, 0.014707299999999887, 0.2664, 0.0075367999999999945
2022-06-17 16:55:24,340 - INFO - 0, 104274.83202129256
7.858963199999874, -0.011538300000000085, 0.3536, -0.1013677, 0.9291, 1.2588000000000001, 6.289053699999914, 0.4315, 0.8187, 0.014707299999999887, 0.2664, 0.0075367999999999945
2022-06-17 16:55:30,672 - INFO - 0, 101676.66931959
7.858963199999874, -0.011538300000000085, 0.3536, -0.1013677, 0.9291, 2.2587999999999955, 6.289053699999914, 0.4315, 0.8187, 0.014707299999999887, 0.2664, 0.0075367999999999945
2022-06-17 16:55:36,897 - INFO - 0, 99083.64856698486
7.858963199999874, -0.011538300000000085, 0.3536, -0.1013677, 0.9291, 3.258799999999974, 6.289053699999914, 0.4315, 0.8187, 0.014707299999999887, 0.2664, 0.0075367999999999945
2022-06-17 16:55:42,788 - INFO - 0, 96494.7188488407
7.858963199999874, -0.011538300000000085, 0.3536, -0.1013677, 0.9291, 4.258799999999953, 6.289053699999914, 0.4315, 0.8187, 0.014707299999999887, 0.2664, 0.0075367999999999945
2022-06-17 16:55:49,152 - INFO - 0, 93910.25664999918
7.858963199999874, -0.011538300000000085, 0.3536, -0.1013677, 0.9291, 5.2587999999999315, 6.289053699999914, 0.4315, 0.8187, 0.014707299999999887, 0.2664, 0.0075367999999999945
2022-06-17 16:55:55,715 - INFO - 0, 91332.89442857982
7.858963199999874, -0.011538300000000085, 0.3536, -0.1013677, 0.9291, 6.25879999999991, 6.289053699999914, 0.4315, 0.8187, 0.014707299999999887, 0.2664, 0.0075367999999999945
2022-06-17 16:56:01,948 - INFO - 0, 88759.69572425462
7.858963199999874, -0.011538300000000085, 0.3536, -0.1013677, 0.9291, 7.258799999999889, 6.289053699999914, 0.4315, 0.8187, 0.014707299999999887, 0.2664, 0.0075367999999999945
2022-06-17 16:56:08,794 - INFO - 0, 86193.40494419931
7.858963199999874, -0.011538300000000085, 0.3536, -0.1013677, 0.9291, 8.258799999999868, 6.289053699999914, 0.4315, 0.8187, 0.014707299999999887, 0.2664, 0.0075367999999999945
2022-06-17 16:56:15,050 - INFO - 0, 83637.6178096132
7.858963199999874, -0.011538300000000085, 0.3536, -0.1013677, 0.9291, 9.258799999999846, 6.289053699999914, 0.4315, 0.8187, 0.014707299999999887, 0.2664, 0.0075367999999999945
2022-06-17 16:56:21,340 - INFO - 0, 81092.6536098749
7.858963199999874, -0.011538300000000085, 0.3536, -0.1013677, 0.9291, 10.258799999999825, 6.289053699999914, 0.4315, 0.8187, 0.014707299999999887, 0.2664, 0.0075367999999999945
2022-06-17 16:56:28,306 - INFO - 0, 78560.90246984235
7.858963199999874, -0.011538300000000085, 0.3536, -0.1013677, 0.9291, 11.258799999999804, 6.289053699999914, 0.4315, 0.8187, 0.014707299999999887, 0.2664, 0.0075367999999999945
2022-06-17 16:56:34,823 - INFO - 0, 76042.93704663304
7.858963199999874, -0.011538300000000085, 0.3536, -0.1013677, 0.9291, 12.258799999999782, 6.289053699999914, 0.4315, 0.8187, 0.014707299999999887, 0.2664, 0.0075367999999999945
2022-06-17 16:56:40,969 - INFO - 0, 73539.88947379473
7.858963199999874, -0.011538300000000085, 0.3536, -0.1013677, 0.9291, 13.258799999999761, 6.289053699999914, 0.4315, 0.8187, 0.014707299999999887, 0.2664, 0.0075367999999999945
2022-06-17 16:56:47,340 - INFO - 0, 71050.01074208849
7.858963199999874, -0.011538300000000085, 0.3536, -0.1013677, 0.9291, 14.25879999999974, 6.289053699999914, 0.4315, 0.8187, 0.014707299999999887, 0.2664, 0.0075367999999999945
2022-06-17 16:56:53,182 - INFO - 0, 68576.23043138937
7.858963199999874, -0.011538300000000085, 0.3536, -0.1013677, 0.9291, 15.258799999999718, 6.289053699999914, 0.4315, 0.8187, 0.014707299999999887, 0.2664, 0.0075367999999999945
2022-06-17 16:56:59,889 - INFO - 0, 66125.88798819625
7.858963199999874, -0.011538300000000085, 0.3536, -0.1013677, 0.9291, 16.25879999999974, 6.289053699999914, 0.4315, 0.8187, 0.014707299999999887, 0.2664, 0.0075367999999999945
2022-06-17 16:57:05,941 - INFO - 0, 63700.490629227934
7.858963199999874, -0.011538300000000085, 0.3536, -0.1013677, 0.9291, 17.258799999999898, 6.289053699999914, 0.4315, 0.8187, 0.014707299999999887, 0.2664, 0.0075367999999999945
2022-06-17 16:57:11,680 - INFO - 0, 61306.53249748873
7.858963199999874, -0.011538300000000085, 0.3536, -0.1013677, 0.9291, 18.258800000000054, 6.289053699999914, 0.4315, 0.8187, 0.014707299999999887, 0.2664, 0.0075367999999999945
2022-06-17 16:57:17,751 - INFO - 0, 58945.643266024344
7.858963199999874, -0.011538300000000085, 0.3536, -0.1013677, 0.9291, 19.25880000000021, 6.289053699999914, 0.4315, 0.8187, 0.014707299999999887, 0.2664, 0.0075367999999999945
2022-06-17 16:57:23,944 - INFO - 0, 56617.16314738274
7.858963199999874, -0.011538300000000085, 0.3536, -0.1013677, 0.9291, 20.258800000000367, 6.289053699999914, 0.4315, 0.8187, 0.014707299999999887, 0.2664, 0.0075367999999999945
2022-06-17 16:57:30,226 - INFO - 0, 54330.554940026654
7.858963199999874, -0.011538300000000085, 0.3536, -0.1013677, 0.9291, 21.258800000000523, 6.289053699999914, 0.4315, 0.8187, 0.014707299999999887, 0.2664, 0.0075367999999999945
2022-06-17 16:57:36,478 - INFO - 0, 52087.95983796369
7.858963199999874, -0.011538300000000085, 0.3536, -0.1013677, 0.9291, 22.25880000000068, 6.289053699999914, 0.4315, 0.8187, 0.014707299999999887, 0.2664, 0.0075367999999999945
2022-06-17 16:57:43,305 - INFO - 0, 49893.02891507633
7.858963199999874, -0.011538300000000085, 0.3536, -0.1013677, 0.9291, 23.258800000000836, 6.289053699999914, 0.4315, 0.8187, 0.014707299999999887, 0.2664, 0.0075367999999999945
2022-06-17 16:57:49,496 - INFO - 0, 47765.39344392855
7.858963199999874, -0.011538300000000085, 0.3536, -0.1013677, 0.9291, 24.258800000000992, 6.289053699999914, 0.4315, 0.8187, 0.014707299999999887, 0.2664, 0.0075367999999999945
2022-06-17 16:57:55,721 - INFO - 0, 45706.6891252844
7.858963199999874, -0.011538300000000085, 0.3536, -0.1013677, 0.9291, 25.25880000000115, 6.289053699999914, 0.4315, 0.8187, 0.014707299999999887, 0.2664, 0.0075367999999999945
2022-06-17 16:58:01,927 - INFO - 0, 43740.99331732784
7.858963199999874, -0.011538300000000085, 0.3536, -0.1013677, 0.9291, 26.258800000001305, 6.289053699999914, 0.4315, 0.8187, 0.014707299999999887, 0.2664, 0.0075367999999999945
2022-06-17 16:58:08,199 - INFO - 0, 41892.563823474906
7.858963199999874, -0.011538300000000085, 0.3536, -0.1013677, 0.9291, 27.25880000000146, 6.289053699999914, 0.4315, 0.8187, 0.014707299999999887, 0.2664, 0.0075367999999999945
2022-06-17 16:58:14,176 - INFO - 0, 40180.95679767746
7.858963199999874, -0.011538300000000085, 0.3536, -0.1013677, 0.9291, 28.258800000001617, 6.289053699999914, 0.4315, 0.8187, 0.014707299999999887, 0.2664, 0.0075367999999999945
2022-06-17 16:58:20,104 - INFO - 0, 38593.612496631344
7.858963199999874, -0.011538300000000085, 0.3536, -0.1013677, 0.9291, 29.258800000001774, 6.289053699999914, 0.4315, 0.8187, 0.014707299999999887, 0.2664, 0.0075367999999999945
2022-06-17 16:58:25,944 - INFO - 0, 37139.7802873503
7.858963199999874, -0.011538300000000085, 0.3536, -0.1013677, 0.9291, 30.25880000000193, 6.289053699999914, 0.4315, 0.8187, 0.014707299999999887, 0.2664, 0.0075367999999999945
2022-06-17 16:58:32,478 - INFO - 0, 35836.905872148884
7.858963199999874, -0.011538300000000085, 0.3536, -0.1013677, 0.9291, 31.258800000002086, 6.289053699999914, 0.4315, 0.8187, 0.014707299999999887, 0.2664, 0.0075367999999999945
2022-06-17 16:58:38,125 - INFO - 0, 34719.90808489167
7.858963199999874, -0.011538300000000085, 0.3536, -0.1013677, 0.9291, 32.258800000002154, 6.289053699999914, 0.4315, 0.8187, 0.014707299999999887, 0.2664, 0.0075367999999999945
2022-06-17 16:58:43,613 - INFO - 0, 33790.91154570216
7.858963199999874, -0.011538300000000085, 0.3536, -0.1013677, 0.9291, 33.258800000001955, 6.289053699999914, 0.4315, 0.8187, 0.014707299999999887, 0.2664, 0.0075367999999999945
2022-06-17 16:58:48,927 - INFO - 0, 33053.462876552774
7.858963199999874, -0.011538300000000085, 0.3536, -0.1013677, 0.9291, 34.258800000001756, 6.289053699999914, 0.4315, 0.8187, 0.014707299999999887, 0.2664, 0.0075367999999999945
2022-06-17 16:58:54,387 - INFO - 0, 32531.16015254861
7.858963199999874, -0.011538300000000085, 0.3536, -0.1013677, 0.9291, 35.25880000000156, 6.289053699999914, 0.4315, 0.8187, 0.014707299999999887, 0.2664, 0.0075367999999999945
2022-06-17 16:58:59,582 - INFO - 0, 32266.77350976937
7.858963199999874, -0.011538300000000085, 0.3536, -0.1013677, 0.9291, 36.25880000000136, 6.289053699999914, 0.4315, 0.8187, 0.014707299999999887, 0.2664, 0.0075367999999999945
2022-06-17 16:59:05,905 - INFO - 0, 32189.84856966562
7.858963199999874, -0.011538300000000085, 0.3536, -0.1013677, 0.7390999999999999, 36.79423340000123, 6.289053699999914, 0.4315, 0.8187, 0.014707299999999887, 0.2664, 0.0075367999999999945
2022-06-17 16:59:12,542 - INFO - 0, 32076.682377633035
7.858963199999874, -0.011538300000000085, 0.3536, -0.1013677, -0.26090000000000074, 36.79423340000123, 6.289053699999914, 0.4315, 0.8187, 0.014707299999999887, 0.2664, 0.0075367999999999945
2022-06-17 16:59:19,797 - INFO - 0, 32027.45525927309
7.858963199999874, -0.011538300000000085, 0.3536, -0.1013677, -0.6202676000000003, 36.79423340000123, 6.289053699999914, 0.4315, 0.3786999999999996, 0.014707299999999887, 0.2664, 0.0075367999999999945
2022-06-17 16:59:27,938 - INFO - 0, 26982.704242175754
7.858963199999874, -0.011538300000000085, 0.3437072000000001, -0.1013677, -0.6202676000000003, 36.79423340000123, 6.289053699999914, 0.4315, 0.00342269999999939, 0.014707299999999887, 0.005752999999999925, 0.0075367999999999945
2022-06-17 16:59:36,391 - INFO - 0, 22868.77117469461
7.858963199999874, -0.03547000000000009, 0.3437072000000001, -0.08930810000000002, -0.6202676000000003, 37.42423340000111, 6.289053699999914, 0.4315, 0.00342269999999939, 0.014707299999999887, 0.005754499999999926, 0.0075367999999999945
2022-06-17 16:59:42,658 - INFO - 0, 22279.05804346623
7.858963199999874, -0.03547000000000009, 0.3437072000000001, -0.08930810000000002, -0.6202676000000003, 38.42423340000091, 6.289053699999914, 0.4315, 0.00342269999999939, 0.014707299999999887, 0.005754499999999926, 0.0075367999999999945
2022-06-17 16:59:48,770 - INFO - 0, 21964.981398374097
7.858963199999874, -0.03547000000000009, 0.3437072000000001, -0.08930810000000002, -0.6202676000000003, 39.42423340000071, 6.289053699999914, 0.4315, 0.00342269999999939, 0.014707299999999887, 0.005754499999999926, 0.0075367999999999945
2022-06-17 16:59:56,919 - INFO - 0, 21848.649231602172
7.795256699999871, -0.03547000000000009, 0.3437072000000001, -0.08930810000000002, -0.6302676000000003, 39.92028960000062, 6.289053699999914, 0.4315, 0.0029319999999993904, 0.014707299999999887, 0.005754499999999926, 0.0075367999999999945
2022-06-17 17:00:03,000 - INFO - 0, 20944.27409838296
7.795256699999871, -0.03547000000000009, 0.3437072000000001, -0.08930810000000002, -1.6302676000000011, 39.92028960000062, 6.289053699999914, 0.4315, 0.0029319999999993904, 0.014707299999999887, 0.005754499999999926, 0.0075367999999999945
2022-06-17 17:00:09,129 - INFO - 0, 20599.038280172852
7.795256699999871, -0.03547000000000009, 0.3437072000000001, -0.08930810000000002, -2.630267599999988, 39.92028960000062, 6.289053699999914, 0.4315, 0.0029319999999993904, 0.014707299999999887, 0.005754499999999926, 0.0075367999999999945
2022-06-17 17:00:16,994 - INFO - 0, 19913.47625301527
7.795256699999871, -0.03547000000000009, 0.3437072000000001, -0.08930810000000002, -2.7215071999999854, 39.92028960000062, 5.7990536999999245, 0.4315, 0.0029319999999993904, 0.014395399999999888, 0.009284999999999927, 0.0075367999999999945
2022-06-17 17:00:25,384 - INFO - 0, 19001.841174546244
7.795256699999871, -0.03547000000000009, 0.3539751000000001, -0.08930810000000002, -2.7215071999999854, 39.92028960000062, 5.0741655999999375, 0.4315, 0.0029319999999993904, 0.014395399999999888, 0.009284999999999927, 0.0075727999999999915
2022-06-17 17:00:33,319 - INFO - 0, 18609.09079882208
7.795256699999871, -0.03547000000000009, 0.3539751000000001, -0.08930810000000002, -2.425389199999991, 39.92028960000062, 4.644165599999947, 0.4315, 0.00272529999999939, 0.014395399999999888, 0.009284999999999927, 0.0075708999999999915
2022-06-17 17:00:41,054 - INFO - 0, 18032.799030227878
7.795256699999871, -0.03547000000000009, 0.3590951000000001, -0.08930810000000002, -2.425389199999991, 39.92028960000062, 4.077763999999958, 0.4315, 0.00272529999999939, 0.014395399999999888, 0.014813599999999922, 0.0075708999999999915
2022-06-17 17:00:52,228 - INFO - 0, 17834.461685303057
7.77443029999987, -0.038360500000000075, 0.35912080000000024, -0.08543860000000002, -2.425389199999991, 40.10849420000061, 4.077763999999958, 0.4315, 0.00272529999999939, 0.014385499999999884, 0.014813599999999922, 0.0075287999999999935
2022-06-17 17:01:00,584 - INFO - 0, 17726.393844242175
7.77443029999987, -0.038360500000000075, 0.35912080000000024, -0.08546540000000001, -2.1428534999999975, 40.25849420000058, 4.077763999999958, 0.4315, 0.00272529999999939, 0.014125899999999888, 0.014813599999999922, 0.007494799999999993
2022-06-17 17:01:08,067 - INFO - 0, 17484.545349365413
7.77443029999987, -0.03890300000000006, 0.35912080000000024, -0.08546540000000001, -2.1428534999999975, 40.39478430000053, 3.5177639999999704, 0.4315, 0.00272529999999939, 0.014125899999999888, 0.014813599999999922, 0.007494799999999993
2022-06-17 17:01:17,668 - INFO - 0, 17235.675823877024
7.739295199999871, -0.03890300000000006, 0.3638941000000004, -0.08546540000000001, -2.1428534999999975, 40.524784300000505, 3.482842099999971, 0.4315, 0.002657599999999391, 0.014125899999999888, 0.02033929999999992, 0.007494799999999993
2022-06-17 17:01:25,748 - INFO - 0, 17158.396543432827
7.739295199999871, -0.03890300000000006, 0.36407310000000037, -0.08546540000000001, -1.5216933999999998, 40.57762170000048, 3.482842099999971, 0.4315, 0.002657599999999391, 0.014125899999999888, 0.02033929999999992, 0.007494799999999993
2022-06-17 17:01:36,359 - INFO - 0, 17021.740333476155
7.74795739999987, -0.03940060000000006, 0.36407020000000045, -0.08499389999999997, -1.5216933999999998, 40.57762170000048, 3.312842099999975, 0.4315, 0.0026036999999993916, 0.014125899999999888, 0.014454799999999908, 0.007499499999999993
2022-06-17 17:01:45,905 - INFO - 0, 16660.86935212888
7.742026399999872, -0.03940060000000006, 0.36407020000000045, -0.08499389999999997, -1.5216933999999998, 40.57762170000048, 2.783101199999988, 0.4315, 0.0035054999999993923, 0.014403899999999886, 0.014454799999999908, 0.007499499999999993
2022-06-17 17:01:56,301 - INFO - 0, 16581.566696917642
7.742024999999871, -0.03940060000000006, 0.3632415000000004, -0.08499389999999997, -1.2389919999999996, 40.64232100000045, 2.783101199999988, 0.4315, 0.0035054999999993923, 0.014296799999999886, 0.0145781999999999, 0.007581099999999993
2022-06-17 17:02:06,043 - INFO - 0, 16456.09673172367
7.732315999999871, -0.03928430000000005, 0.36331840000000043, -0.08434679999999994, -1.2389919999999996, 40.576035200000426, 2.553101199999993, 0.4315, 0.0035054999999993923, 0.014296799999999886, 0.0145781999999999, 0.007581099999999993
2022-06-17 17:02:18,689 - INFO - 0, 16267.305298266381
7.732315999999871, -0.04002410000000005, 0.36331840000000043, -0.08071779999999996, -1.1466895999999998, 40.576035200000426, 2.3889387999999965, 0.4315, 0.0035743999999993926, 0.014306999999999882, 0.013898799999999897, 0.0076200999999999925
2022-06-17 17:02:29,411 - INFO - 0, 16105.293605476816
7.794388999999872, -0.04002410000000005, 0.36331840000000043, -0.08071779999999996, -1.1961985, 40.61103520000041, 2.073690200000004, 0.4315, 0.003463399999999393, 0.014306999999999882, 0.013898799999999897, 0.007618599999999994
2022-06-17 17:02:44,948 - INFO - 0, 16037.086000061694
7.772768799999871, -0.03991480000000006, 0.3624322000000003, -0.0814434, -1.1961985, 40.6112534000004, 2.073690200000004, 0.4315, 0.003463399999999393, 0.014298899999999882, 0.016290199999999894, 0.0077377999999999935
