2022-06-17 16:54:22,628 - INFO - 2, 121085.16368233386
0.1593, 0.6663, 0.8947000000000003, 0.4990843000000002, 0.6731, 0.3429, 0.0339, 0.5372, 0.7445, 0.72, 0.4121, 0.6449
2022-06-17 16:54:26,024 - INFO - 2, 121084.23027801045
0.1593, 0.6663, 1.8947000000000012, 0.4990843000000002, 0.6731, 0.3429, 0.0339, 0.5372, 0.7445, 0.72, 0.4121, 0.6449
2022-06-17 16:54:30,299 - INFO - 2, 121083.55711714177
0.1348920999999999, 0.5462999999999999, 2.4946640999999894, 0.4990843000000002, 0.6731, 0.3429, 0.0339, 0.5372, 0.7445, 0.72, 0.4121, 0.6449
2022-06-17 16:54:33,596 - INFO - 2, 121082.41924099992
0.1348920999999999, -0.4537000000000007, 2.4946640999999894, 0.4990843000000002, 0.6731, 0.3429, 0.0339, 0.5372, 0.7445, 0.72, 0.4121, 0.6449
2022-06-17 16:54:36,973 - INFO - 2, 121081.9366944841
0.1348920999999999, -1.4537000000000015, 2.4946640999999894, 0.4990843000000002, 0.6731, 0.3429, 0.0339, 0.5372, 0.7445, 0.72, 0.4121, 0.6449
2022-06-17 16:54:40,831 - INFO - 2, 121067.40880707608
0.1348920999999999, -1.9338451000000019, 2.4946640999999894, 0.4990843000000002, 0.6731, 0.7529000000000003, 0.0339, 0.5372, 0.7445, 0.72, 0.4121, 0.6449
2022-06-17 16:54:44,217 - INFO - 2, 121037.07693475585
0.1348920999999999, -1.9338451000000019, 2.4946640999999894, 0.4990843000000002, 0.6731, 1.7529000000000012, 0.0339, 0.5372, 0.7445, 0.72, 0.4121, 0.6449
2022-06-17 16:54:47,659 - INFO - 2, 121011.6718181615
0.1348920999999999, -1.9338451000000019, 2.4946640999999894, 0.4990843000000002, 0.6731, 2.7528999999999852, 0.0339, 0.5372, 0.7445, 0.72, 0.4121, 0.6449
2022-06-17 16:54:51,701 - INFO - 2, 120989.39071267885
0.1348920999999999, -1.9338451000000019, 2.4946640999999894, 0.4990843000000002, 0.6731, 3.752899999999964, 0.0339, 0.5372, 0.7445, 0.72, 0.4121, 0.6449
2022-06-17 16:54:55,179 - INFO - 2, 120971.02348491349
0.1348920999999999, -1.9338451000000019, 2.4946640999999894, 0.4990843000000002, 0.6731, 4.752899999999943, 0.0339, 0.5372, 0.7445, 0.72, 0.4121, 0.6449
2022-06-17 16:54:58,676 - INFO - 2, 120959.66181409737
0.1348920999999999, -1.9338451000000019, 2.4946640999999894, 0.4990843000000002, 0.6731, 5.752899999999921, 0.0339, 0.5372, 0.7445, 0.72, 0.4121, 0.6449
2022-06-17 16:55:02,128 - INFO - 2, 120954.41793681728
0.1348920999999999, -1.9338451000000019, 2.4946640999999894, 0.4990843000000002, 0.6731, 6.7528999999999, 0.0339, 0.5372, 0.7445, 0.72, 0.4121, 0.6449
2022-06-17 16:55:07,892 - INFO - 2, 120945.16504635775
0.1348920999999999, -1.9338451000000019, 2.4946640999999894, 0.4990843000000002, 0.6731, 7.416946299999887, 0.0339, 0.5372, 0.7445, 0.5499999999999998, 0.4121, 0.6449
2022-06-17 16:55:14,037 - INFO - 2, 118789.69466794851
0.1348920999999999, -1.9338451000000019, 2.4946640999999894, 0.4990843000000002, 0.6731, 7.416946299999887, 0.33390000000000014, 0.5372, 0.7445, 0.007573699999999467, 0.4121, 0.6449
2022-06-17 16:55:19,920 - INFO - 2, 118493.70303189791
0.1348920999999999, -1.9338451000000019, 2.4946640999999894, 0.4990843000000002, 0.6731, 7.416946299999887, 1.333900000000001, 0.5372, 0.7445, 0.007573699999999467, 0.4121, 0.6449
2022-06-17 16:55:26,172 - INFO - 2, 118199.24131380756
0.1348920999999999, -1.9338451000000019, 2.4946640999999894, 0.4990843000000002, 0.6731, 7.416946299999887, 2.3338999999999945, 0.5372, 0.7445, 0.007573699999999467, 0.4121, 0.6449
2022-06-17 16:55:32,677 - INFO - 2, 117910.61758588134
0.1348920999999999, -1.9338451000000019, 2.4946640999999894, 0.4990843000000002, 0.6731, 7.416946299999887, 3.333899999999973, 0.5372, 0.7445, 0.007573699999999467, 0.4121, 0.6449
2022-06-17 16:55:38,492 - INFO - 2, 117628.13711291949
0.1348920999999999, -1.9338451000000019, 2.4946640999999894, 0.4990843000000002, 0.6731, 7.416946299999887, 4.333899999999952, 0.5372, 0.7445, 0.007573699999999467, 0.4121, 0.6449
2022-06-17 16:55:45,060 - INFO - 2, 117349.94294915826
0.1348920999999999, -1.9338451000000019, 2.4946640999999894, 0.4990843000000002, 0.6731, 7.416946299999887, 5.333899999999931, 0.5372, 0.7445, 0.007573699999999467, 0.4121, 0.6449
2022-06-17 16:55:51,029 - INFO - 2, 117075.42592305523
0.1348920999999999, -1.9338451000000019, 2.4946640999999894, 0.4990843000000002, 0.6731, 7.416946299999887, 6.333899999999909, 0.5372, 0.7445, 0.007573699999999467, 0.4121, 0.6449
2022-06-17 16:55:57,512 - INFO - 2, 116806.18941232358
0.1348920999999999, -1.9338451000000019, 2.4946640999999894, 0.4990843000000002, 0.6731, 7.416946299999887, 7.333899999999888, 0.5372, 0.7445, 0.007573699999999467, 0.4121, 0.6449
2022-06-17 16:56:03,583 - INFO - 2, 116543.71561903166
0.1348920999999999, -1.9338451000000019, 2.4946640999999894, 0.4990843000000002, 0.6731, 7.416946299999887, 8.333899999999867, 0.5372, 0.7445, 0.007573699999999467, 0.4121, 0.6449
2022-06-17 16:56:10,330 - INFO - 2, 116288.0459540087
0.1348920999999999, -1.9338451000000019, 2.4946640999999894, 0.4990843000000002, 0.6731, 7.416946299999887, 9.333899999999845, 0.5372, 0.7445, 0.007573699999999467, 0.4121, 0.6449
2022-06-17 16:56:16,490 - INFO - 2, 116036.79720497526
0.1348920999999999, -1.9338451000000019, 2.4946640999999894, 0.4990843000000002, 0.6731, 7.416946299999887, 10.333899999999824, 0.5372, 0.7445, 0.007573699999999467, 0.4121, 0.6449
2022-06-17 16:56:22,647 - INFO - 2, 115790.32017989669
0.1348920999999999, -1.9338451000000019, 2.4946640999999894, 0.4990843000000002, 0.6731, 7.416946299999887, 11.333899999999803, 0.5372, 0.7445, 0.007573699999999467, 0.4121, 0.6449
2022-06-17 16:56:29,118 - INFO - 2, 115547.27877139249
0.1348920999999999, -1.9338451000000019, 2.4946640999999894, 0.4990843000000002, 0.6731, 7.416946299999887, 12.333899999999781, 0.5372, 0.7445, 0.007573699999999467, 0.4121, 0.6449
2022-06-17 16:56:35,885 - INFO - 2, 115307.54504127036
0.1348920999999999, -1.9338451000000019, 2.4946640999999894, 0.4990843000000002, 0.6731, 7.416946299999887, 13.33389999999976, 0.5372, 0.7445, 0.007573699999999467, 0.4121, 0.6449
2022-06-17 16:56:42,015 - INFO - 2, 115075.46815104614
0.1348920999999999, -1.9338451000000019, 2.4946640999999894, 0.4990843000000002, 0.6731, 7.416946299999887, 14.333899999999739, 0.5372, 0.7445, 0.007573699999999467, 0.4121, 0.6449
2022-06-17 16:56:48,499 - INFO - 2, 114851.084410787
0.1348920999999999, -1.9338451000000019, 2.4946640999999894, 0.4990843000000002, 0.6731, 7.416946299999887, 15.333899999999717, 0.5372, 0.7445, 0.007573699999999467, 0.4121, 0.6449
2022-06-17 16:56:55,009 - INFO - 2, 114631.45881701617
0.1348920999999999, -1.9338451000000019, 2.4946640999999894, 0.4990843000000002, 0.6731, 7.416946299999887, 16.333899999999755, 0.5372, 0.7445, 0.007573699999999467, 0.4121, 0.6449
2022-06-17 16:57:01,396 - INFO - 2, 114416.80915227595
0.1348920999999999, -1.9338451000000019, 2.4946640999999894, 0.4990843000000002, 0.6731, 7.416946299999887, 17.33389999999991, 0.5372, 0.7445, 0.007573699999999467, 0.4121, 0.6449
2022-06-17 16:57:07,475 - INFO - 2, 114208.91781677582
0.1348920999999999, -1.9338451000000019, 2.4946640999999894, 0.4990843000000002, 0.6731, 7.416946299999887, 18.333900000000067, 0.5372, 0.7445, 0.007573699999999467, 0.4121, 0.6449
2022-06-17 16:57:13,815 - INFO - 2, 114007.71803727312
0.1348920999999999, -1.9338451000000019, 2.4946640999999894, 0.4990843000000002, 0.6731, 7.416946299999887, 19.333900000000224, 0.5372, 0.7445, 0.007573699999999467, 0.4121, 0.6449
2022-06-17 16:57:19,997 - INFO - 2, 113810.4828508344
0.1348920999999999, -1.9338451000000019, 2.4946640999999894, 0.4990843000000002, 0.6731, 7.416946299999887, 20.33390000000038, 0.5372, 0.7445, 0.007573699999999467, 0.4121, 0.6449
2022-06-17 16:57:26,400 - INFO - 2, 113618.66687060971
0.1348920999999999, -1.9338451000000019, 2.4946640999999894, 0.4990843000000002, 0.6731, 7.416946299999887, 21.333900000000536, 0.5372, 0.7445, 0.007573699999999467, 0.4121, 0.6449
2022-06-17 16:57:32,933 - INFO - 2, 113434.66392928088
0.1348920999999999, -1.9338451000000019, 2.4946640999999894, 0.4990843000000002, 0.6731, 7.416946299999887, 22.333900000000693, 0.5372, 0.7445, 0.007573699999999467, 0.4121, 0.6449
2022-06-17 16:57:39,407 - INFO - 2, 113258.353696322
0.1348920999999999, -1.9338451000000019, 2.4946640999999894, 0.4990843000000002, 0.6731, 7.416946299999887, 23.33390000000085, 0.5372, 0.7445, 0.007573699999999467, 0.4121, 0.6449
2022-06-17 16:57:45,820 - INFO - 2, 113083.70684006403
0.1348920999999999, -1.9338451000000019, 2.4946640999999894, 0.4990843000000002, 0.6731, 7.416946299999887, 24.333900000001005, 0.5372, 0.7445, 0.007573699999999467, 0.4121, 0.6449
2022-06-17 16:57:52,335 - INFO - 2, 112911.81469648324
0.1348920999999999, -1.9338451000000019, 2.4946640999999894, 0.4990843000000002, 0.6731, 7.416946299999887, 25.33390000000116, 0.5372, 0.7445, 0.007573699999999467, 0.4121, 0.6449
2022-06-17 16:57:58,717 - INFO - 2, 112744.29037318207
0.1348920999999999, -1.9338451000000019, 2.4946640999999894, 0.4990843000000002, 0.6731, 7.416946299999887, 26.333900000001318, 0.5372, 0.7445, 0.007573699999999467, 0.4121, 0.6449
2022-06-17 16:58:04,669 - INFO - 2, 112582.79203406477
0.1348920999999999, -1.9338451000000019, 2.4946640999999894, 0.4990843000000002, 0.6731, 7.416946299999887, 27.333900000001474, 0.5372, 0.7445, 0.007573699999999467, 0.4121, 0.6449
2022-06-17 16:58:10,798 - INFO - 2, 112424.79683184029
0.1348920999999999, -1.9338451000000019, 2.4946640999999894, 0.4990843000000002, 0.6731, 7.416946299999887, 28.33390000000163, 0.5372, 0.7445, 0.007573699999999467, 0.4121, 0.6449
2022-06-17 16:58:16,932 - INFO - 2, 112269.78411068751
0.1348920999999999, -1.9338451000000019, 2.4946640999999894, 0.4990843000000002, 0.6731, 7.416946299999887, 29.333900000001787, 0.5372, 0.7445, 0.007573699999999467, 0.4121, 0.6449
2022-06-17 16:58:22,990 - INFO - 2, 112119.44581064321
0.1348920999999999, -1.9338451000000019, 2.4946640999999894, 0.4990843000000002, 0.6731, 7.416946299999887, 30.333900000001943, 0.5372, 0.7445, 0.007573699999999467, 0.4121, 0.6449
2022-06-17 16:58:29,123 - INFO - 2, 111974.95720036485
0.1348920999999999, -1.9338451000000019, 2.4946640999999894, 0.4990843000000002, 0.6731, 7.416946299999887, 31.3339000000021, 0.5372, 0.7445, 0.007573699999999467, 0.4121, 0.6449
2022-06-17 16:58:35,551 - INFO - 2, 111838.08955331489
0.1348920999999999, -1.9338451000000019, 2.4946640999999894, 0.4990843000000002, 0.6731, 7.416946299999887, 32.33390000000214, 0.5372, 0.7445, 0.007573699999999467, 0.4121, 0.6449
2022-06-17 16:58:41,027 - INFO - 2, 111706.02842034206
0.1348920999999999, -1.9338451000000019, 2.4946640999999894, 0.4990843000000002, 0.6731, 7.416946299999887, 33.33390000000194, 0.5372, 0.7445, 0.007573699999999467, 0.4121, 0.6449
2022-06-17 16:58:46,251 - INFO - 2, 111580.41702873782
0.1348920999999999, -1.9338451000000019, 2.4946640999999894, 0.4990843000000002, 0.6731, 7.416946299999887, 34.33390000000174, 0.5372, 0.7445, 0.007573699999999467, 0.4121, 0.6449
2022-06-17 16:58:51,784 - INFO - 2, 111462.29015375311
0.1348920999999999, -1.9338451000000019, 2.4946640999999894, 0.4990843000000002, 0.6731, 7.416946299999887, 35.33390000000154, 0.5372, 0.7445, 0.007573699999999467, 0.4121, 0.6449
2022-06-17 16:58:57,460 - INFO - 2, 111353.02264293865
0.1348920999999999, -1.9338451000000019, 2.4946640999999894, 0.4990843000000002, 0.6731, 7.416946299999887, 36.33390000000134, 0.5372, 0.7445, 0.007573699999999467, 0.4121, 0.6449
2022-06-17 16:59:03,211 - INFO - 2, 111255.69643952756
0.1348920999999999, -1.9338451000000019, 2.4946640999999894, 0.4990843000000002, 0.6731, 7.416946299999887, 37.333900000001144, 0.5372, 0.7445, 0.007573699999999467, 0.4121, 0.6449
2022-06-17 16:59:09,007 - INFO - 2, 111166.0741194235
0.1348920999999999, -1.9338451000000019, 2.4946640999999894, 0.4990843000000002, 0.6731, 7.416946299999887, 38.333900000000945, 0.5372, 0.7445, 0.007573699999999467, 0.4121, 0.6449
2022-06-17 16:59:15,194 - INFO - 2, 111082.53888356916
0.1348920999999999, -1.9338451000000019, 2.4946640999999894, 0.4990843000000002, 0.6731, 7.416946299999887, 39.333900000000746, 0.5372, 0.7445, 0.007573699999999467, 0.4121, 0.6449
2022-06-17 16:59:21,414 - INFO - 2, 111006.21624432811
0.1348920999999999, -1.9338451000000019, 2.4946640999999894, 0.4990843000000002, 0.6731, 7.416946299999887, 40.33390000000055, 0.5372, 0.7445, 0.007573699999999467, 0.4121, 0.6449
2022-06-17 16:59:27,538 - INFO - 2, 110937.12677456027
0.1348920999999999, -1.9338451000000019, 2.4946640999999894, 0.4990843000000002, 0.6731, 7.416946299999887, 41.33390000000035, 0.5372, 0.7445, 0.007573699999999467, 0.4121, 0.6449
2022-06-17 16:59:33,581 - INFO - 2, 110874.39454523206
0.1348920999999999, -1.9338451000000019, 2.4946640999999894, 0.4990843000000002, 0.6731, 7.416946299999887, 42.33390000000015, 0.5372, 0.7445, 0.007573699999999467, 0.4121, 0.6449
2022-06-17 16:59:40,095 - INFO - 2, 110819.97783577899
0.1348920999999999, -1.9338451000000019, 2.4946640999999894, 0.4990843000000002, 0.6731, 7.416946299999887, 43.33389999999995, 0.5372, 0.7445, 0.007573699999999467, 0.4121, 0.6449
2022-06-17 16:59:46,327 - INFO - 2, 110774.98152417927
0.1348920999999999, -1.9338451000000019, 2.4946640999999894, 0.4990843000000002, 0.6731, 7.416946299999887, 44.33389999999975, 0.5372, 0.7445, 0.007573699999999467, 0.4121, 0.6449
2022-06-17 16:59:52,540 - INFO - 2, 110736.99841500095
0.1348920999999999, -1.9338451000000019, 2.4946640999999894, 0.4990843000000002, 0.6731, 7.416946299999887, 45.33389999999955, 0.5372, 0.7445, 0.007573699999999467, 0.4121, 0.6449
2022-06-17 16:59:58,835 - INFO - 2, 110706.73244274106
0.1348920999999999, -1.9338451000000019, 2.4946640999999894, 0.4990843000000002, 0.6731, 7.416946299999887, 46.33389999999935, 0.5372, 0.7445, 0.007573699999999467, 0.4121, 0.6449
2022-06-17 17:00:05,186 - INFO - 2, 110686.01763519418
0.1348920999999999, -1.9338451000000019, 2.4946640999999894, 0.4990843000000002, 0.6731, 7.416946299999887, 47.333899999999154, 0.5372, 0.7445, 0.007573699999999467, 0.4121, 0.6449
2022-06-17 17:00:11,439 - INFO - 2, 110672.55809327145
0.1348920999999999, -1.9338451000000019, 2.4946640999999894, 0.4990843000000002, 0.6731, 7.416946299999887, 48.333899999998955, 0.5372, 0.7445, 0.007573699999999467, 0.4121, 0.6449
2022-06-17 17:00:17,822 - INFO - 2, 110666.19350019946
0.1348920999999999, -1.9338451000000019, 2.4946640999999894, 0.4990843000000002, 0.6731, 7.416946299999887, 49.333899999998756, 0.5372, 0.7445, 0.007573699999999467, 0.4121, 0.6449
2022-06-17 17:00:25,769 - INFO - 2, 109698.78987190462
0.1348920999999999, -1.9338451000000019, 2.4946640999999894, 0.4990843000000002, 0.6731, 7.416946299999887, 49.947193899998624, 0.5372, 0.4744999999999998, 0.007573699999999467, 0.4121, 0.6449
2022-06-17 17:00:32,861 - INFO - 2, 95550.90117626546
0.1348920999999999, -1.9338451000000019, 2.4946640999999894, 0.4990843000000002, 0.6731, 7.416946299999887, 49.947193899998624, 0.5372, 0.007221399999999535, 0.007573699999999467, 0.4121, 1.0449000000000004
2022-06-17 17:00:41,158 - INFO - 2, 87643.01189336856
0.20489209999999997, -1.9338451000000019, 2.4946640999999894, 0.4990843000000002, 0.7205424999999996, 7.416946299999887, 49.947193899998624, 0.5372, 0.007221399999999535, 0.007573699999999467, 0.7979110000000004, 1.1205849000000003
2022-06-17 17:00:48,269 - INFO - 2, 86263.13491125172
0.24636020000000003, -1.9338451000000019, 2.4946640999999894, 0.4990843000000002, 0.7205424999999996, 7.416946299999887, 49.11719389999879, 0.5372, 0.007221399999999535, 0.007573699999999467, 0.7979110000000004, 1.1205849000000003
2022-06-17 17:00:54,475 - INFO - 2, 86194.23576105344
0.24636020000000003, -1.9338451000000019, 2.4946640999999894, 0.4990843000000002, 0.7205424999999996, 7.416946299999887, 48.11719389999899, 0.5372, 0.007221399999999535, 0.007573699999999467, 0.7979110000000004, 1.1205849000000003
2022-06-17 17:01:00,545 - INFO - 2, 86154.80590340748
0.24636020000000003, -1.9338451000000019, 2.4946640999999894, 0.4990843000000002, 0.7205424999999996, 7.416946299999887, 47.11719389999919, 0.5372, 0.007221399999999535, 0.007573699999999467, 0.7979110000000004, 1.1205849000000003
2022-06-17 17:01:08,357 - INFO - 2, 85867.06999973101
0.24636020000000003, -1.9338451000000019, 2.4946640999999894, 0.4990843000000002, 0.7205424999999996, 7.416946299999887, 46.62023279999929, 0.5372, 0.007221399999999535, 0.006607199999999464, 0.5865810000000004, 1.1205849000000003
2022-06-17 17:01:14,589 - INFO - 2, 85822.09144759465
0.24636020000000003, -1.9338451000000019, 2.4946640999999894, 0.4990843000000002, 1.6905425000000005, 7.416946299999887, 46.62023279999929, 0.5372, 0.007221399999999535, 0.006607199999999464, 0.5865620000000005, 1.1205849000000003
2022-06-17 17:01:20,677 - INFO - 2, 85804.2313080696
0.24636020000000003, -1.9338451000000019, 2.4946640999999894, 0.4990843000000002, 2.690542499999986, 7.416946299999887, 46.62023279999929, 0.5372, 0.007221399999999535, 0.006607199999999464, 0.5865620000000005, 1.1205849000000003
2022-06-17 17:01:28,342 - INFO - 2, 82573.32388430554
0.24636020000000003, -1.9338451000000019, 2.784664099999983, 0.14379109999999992, 2.7717158999999842, 7.416946299999887, 46.62023279999929, 0.5372, 0.007221399999999535, 0.006607199999999464, 0.5865620000000005, 1.1205849000000003
2022-06-17 17:01:34,156 - INFO - 2, 75620.83042453644
0.24636020000000003, -1.9338451000000019, 3.784664099999962, 0.14379109999999992, 2.7717158999999842, 7.416946299999887, 46.62023279999929, 0.5372, 0.007221399999999535, 0.006607199999999464, 0.5865620000000005, 1.1205849000000003
2022-06-17 17:01:40,228 - INFO - 2, 71028.88982510532
0.24636020000000003, -1.9338451000000019, 4.784664099999941, 0.14379109999999992, 2.7717158999999842, 7.416946299999887, 46.62023279999929, 0.5372, 0.007221399999999535, 0.006607199999999464, 0.5865620000000005, 1.1205849000000003
2022-06-17 17:01:46,444 - INFO - 2, 69167.82478995276
0.24636020000000003, -1.9338451000000019, 5.78466409999992, 0.14379109999999992, 2.7717158999999842, 7.416946299999887, 46.62023279999929, 0.5372, 0.007221399999999535, 0.006607199999999464, 0.5865620000000005, 1.1205849000000003
2022-06-17 17:01:54,079 - INFO - 2, 66158.17700188205
0.24636020000000003, -1.3812546000000014, 5.908962399999918, 0.14379109999999992, 2.7717158999999842, 7.416946299999887, 46.62023279999929, 0.5372, 0.007221399999999535, 0.006607199999999464, 0.5865620000000005, 1.0505849000000003
2022-06-17 17:02:01,423 - INFO - 2, 65920.51898039994
0.24636020000000003, -1.3812546000000014, 5.908962399999918, 0.14379109999999992, 2.7717158999999842, 8.056946299999874, 46.62023279999929, 0.5372, 0.007221399999999535, 0.006607199999999464, 0.5865620000000005, 0.8287256000000005
2022-06-17 17:02:07,291 - INFO - 2, 65613.89410766432
0.24636020000000003, -1.3812546000000014, 5.908962399999918, 0.14379109999999992, 2.7717158999999842, 9.056946299999852, 46.62023279999929, 0.5372, 0.007221399999999535, 0.006607199999999464, 0.5865620000000005, 0.8287256000000005
2022-06-17 17:02:14,065 - INFO - 2, 65349.982858124546
0.24636020000000003, -1.3812546000000014, 5.908962399999918, 0.14379109999999992, 2.7717158999999842, 10.056946299999831, 46.62023279999929, 0.5372, 0.007221399999999535, 0.006607199999999464, 0.5865620000000005, 0.8287256000000005
2022-06-17 17:02:20,714 - INFO - 2, 65130.83310776579
0.24636020000000003, -1.3812546000000014, 5.908962399999918, 0.14379109999999992, 2.7717158999999842, 11.05694629999981, 46.62023279999929, 0.5372, 0.007221399999999535, 0.006607199999999464, 0.5865620000000005, 0.8287256000000005
2022-06-17 17:02:27,443 - INFO - 2, 64968.03919830723
0.24636020000000003, -1.3812546000000014, 5.908962399999918, 0.14379109999999992, 2.7717158999999842, 12.056946299999789, 46.62023279999929, 0.5372, 0.007221399999999535, 0.006607199999999464, 0.5865620000000005, 0.8287256000000005
2022-06-17 17:02:35,341 - INFO - 2, 64856.50244559028
0.24636020000000003, -1.3812546000000014, 5.908962399999918, 0.14379109999999992, 2.7717158999999842, 13.056946299999767, 46.62023279999929, 0.5372, 0.007221399999999535, 0.006607199999999464, 0.5865620000000005, 0.8287256000000005
2022-06-17 17:02:41,927 - INFO - 2, 64796.97826803517
0.24636020000000003, -1.3812546000000014, 5.908962399999918, 0.14379109999999992, 2.7717158999999842, 14.056946299999746, 46.62023279999929, 0.5372, 0.007221399999999535, 0.006607199999999464, 0.5865620000000005, 0.8287256000000005
2022-06-17 17:02:50,838 - INFO - 2, 59674.84506891502
0.24680120000000003, -1.3812546000000014, 5.908962399999918, 0.14379109999999992, 2.7717158999999842, 14.78805519999973, 46.62023279999929, 0.5372, 0.002893299999999536, 0.006607199999999464, 0.5865620000000005, 0.8287256000000005
